<?xml version="1.0" encoding="UTF-8"?>
<!-- Generated by org.testng.reporters.JUnitXMLReporter -->
<testsuite hostname="LAPTOP-N8ICA1Q5" ignored="0" name="Default test" tests="11" failures="0" timestamp="2021-11-10T18:46:44 IST" time="7.56" errors="0">
  <testcase name="emailEndsWith1" time="0.297" classname="com.PageDistribution.tests.UsersPageTest"/>
  <testcase name="checkTitle" time="0.015" classname="com.PageDistribution.tests.UsersPageTest"/>
  <testcase name="checkCurrentURL" time="0.008" classname="com.PageDistribution.tests.UsersPageTest"/>
  <testcase name="checkLabel" time="0.035" classname="com.PageDistribution.tests.UsersPageTest"/>
  <testcase name="checkLabel1" time="0.027" classname="com.PageDistribution.tests.UsersPageTest"/>
  <testcase name="addUserButton" time="0.333" classname="com.PageDistribution.tests.UsersPageTest"/>
  <testcase name="checkHeading1" time="0.034" classname="com.PageDistribution.tests.UsersPageTest"/>
  <testcase name="checkColumnNames" time="0.27" classname="com.PageDistribution.tests.UsersPageTest"/>
  <testcase name="checkColumn" time="0.227" classname="com.PageDistribution.tests.UsersPageTest"/>
  <testcase name="checkFooterLink" time="0.102" classname="com.PageDistribution.tests.UsersPageTest"/>
  <testcase name="checkLogoutLink" time="0.172" classname="com.PageDistribution.tests.UsersPageTest"/>
</testsuite> <!-- Default test -->
