<?xml version="1.0" encoding="UTF-8"?>
<!-- Generated by org.testng.reporters.JUnitXMLReporter -->
<testsuite hostname="LAPTOP-N8ICA1Q5" ignored="0" name="Java By Kiran Offline Website Automation " tests="49" failures="0" timestamp="2021-10-30T19:37:49 IST" time="114.198" errors="0">
  <testcase name="registrationPage" time="0.933" classname="com.PageDistribution.tests.LoginPageTest"/>
  <testcase name="registrationPage" time="0.628" classname="com.PageDistribution.tests.LoginPageTest"/>
  <testcase name="registrationPage" time="0.672" classname="com.PageDistribution.tests.LoginPageTest"/>
  <testcase name="checkCrediantialsPassword" time="0.312" classname="com.PageDistribution.tests.LoginPageTest"/>
  <testcase name="verifyTitle" time="0.006" classname="com.PageDistribution.tests.LoginPageTest"/>
  <testcase name="verifyImage" time="0.082" classname="com.PageDistribution.tests.LoginPageTest"/>
  <testcase name="checkValidCredentials" time="0.922" classname="com.PageDistribution.tests.LoginPageTest"/>
  <testcase name="checkTitle" time="0.007" classname="com.PageDistribution.tests.DashboardPageTest"/>
  <testcase name="checkCurrentURL" time="0.003" classname="com.PageDistribution.tests.DashboardPageTest"/>
  <testcase name="checkLabel" time="0.043" classname="com.PageDistribution.tests.DashboardPageTest"/>
  <testcase name="checkLabel1" time="0.029" classname="com.PageDistribution.tests.DashboardPageTest"/>
  <testcase name="checkLink" time="0.055" classname="com.PageDistribution.tests.DashboardPageTest"/>
  <testcase name="checkCourseList" time="0.189" classname="com.PageDistribution.tests.DashboardPageTest"/>
  <testcase name="checkCourseDetails" time="0.116" classname="com.PageDistribution.tests.DashboardPageTest"/>
  <testcase name="checkCourseLink" time="0.073" classname="com.PageDistribution.tests.DashboardPageTest"/>
  <testcase name="checkFooterLink" time="5.108" classname="com.PageDistribution.tests.DashboardPageTest"/>
  <testcase name="checkSideBarMenuLinks" time="0.136" classname="com.PageDistribution.tests.DashboardPageTest"/>
  <testcase name="checkUsersLinkMenu" time="0.213" classname="com.PageDistribution.tests.DashboardPageTest"/>
  <testcase name="checkOperatorsLinkMenu" time="0.211" classname="com.PageDistribution.tests.DashboardPageTest"/>
  <testcase name="checkUsefulLinksMenu" time="0.219" classname="com.PageDistribution.tests.DashboardPageTest"/>
  <testcase name="checkDownloadsLinkMenu" time="0.225" classname="com.PageDistribution.tests.DashboardPageTest"/>
  <testcase name="checkLogoutLink" time="0.147" classname="com.PageDistribution.tests.DashboardPageTest"/>
  <testcase name="emailEndsWith1" time="0.115" classname="com.PageDistribution.tests.UsersPageTest"/>
  <testcase name="checkTitle" time="0.005" classname="com.PageDistribution.tests.UsersPageTest"/>
  <testcase name="checkCurrentURL" time="0.01" classname="com.PageDistribution.tests.UsersPageTest"/>
  <testcase name="checkLabel" time="0.026" classname="com.PageDistribution.tests.UsersPageTest"/>
  <testcase name="checkLabel1" time="0.028" classname="com.PageDistribution.tests.UsersPageTest"/>
  <testcase name="addUserButton" time="0.265" classname="com.PageDistribution.tests.UsersPageTest"/>
  <testcase name="checkHeading1" time="0.033" classname="com.PageDistribution.tests.UsersPageTest"/>
  <testcase name="checkColumnNames" time="0.131" classname="com.PageDistribution.tests.UsersPageTest"/>
  <testcase name="checkColumn" time="0.094" classname="com.PageDistribution.tests.UsersPageTest"/>
  <testcase name="checkFooterLink" time="0.083" classname="com.PageDistribution.tests.UsersPageTest"/>
  <testcase name="checkLogoutLink" time="0.155" classname="com.PageDistribution.tests.UsersPageTest"/>
  <testcase name="checkTitle" time="0.005" classname="com.PageDistribution.tests.OperatorsPageTest"/>
  <testcase name="verifyTableHeaderCount" time="0.133" classname="com.PageDistribution.tests.OperatorsPageTest"/>
  <testcase name="verifyTechnicalJob" time="0.14" classname="com.PageDistribution.tests.OperatorsPageTest"/>
  <testcase name="verifyWhatsAppUser" time="0.164" classname="com.PageDistribution.tests.OperatorsPageTest"/>
  <testcase name="verifyTiming" time="0.113" classname="com.PageDistribution.tests.OperatorsPageTest"/>
  <testcase name="facultyNeelamTiming" time="0.112" classname="com.PageDistribution.tests.OperatorsPageTest"/>
  <testcase name="facultyAvailable" time="0.098" classname="com.PageDistribution.tests.OperatorsPageTest"/>
  <testcase name="facultyAvailableMon_Sat" time="0.093" classname="com.PageDistribution.tests.OperatorsPageTest"/>
  <testcase name="facultyNeelamFor" time="0.1" classname="com.PageDistribution.tests.OperatorsPageTest"/>
  <testcase name="goBtn1Click" time="0.057" classname="com.PageDistribution.tests.UsefulLinksPageTest"/>
  <testcase name="goBtn2Click" time="0.07" classname="com.PageDistribution.tests.UsefulLinksPageTest"/>
  <testcase name="goBtn3Click" time="0.053" classname="com.PageDistribution.tests.UsefulLinksPageTest"/>
  <testcase name="goBtn4Click" time="0.051" classname="com.PageDistribution.tests.UsefulLinksPageTest"/>
  <testcase name="goBtn5Click" time="0.05" classname="com.PageDistribution.tests.UsefulLinksPageTest"/>
  <testcase name="goBtn6Click" time="0.061" classname="com.PageDistribution.tests.UsefulLinksPageTest"/>
  <testcase name="verifyTitle" time="0.004" classname="com.PageDistribution.tests.DownloadsPageTest"/>
</testsuite> <!-- Java By Kiran Offline Website Automation  -->
