<?xml version="1.0" encoding="UTF-8"?>
<!-- Generated by org.testng.reporters.JUnitXMLReporter -->
<testsuite hostname="LAPTOP-N8ICA1Q5" ignored="0" name="Test" tests="46" failures="0" timestamp="2021-10-29T18:48:39 IST" time="107.683" errors="0">
  <testcase name="checkTitle" time="0.044" classname="com.PageDistribution.tests.DasboardPageTest"/>
  <testcase name="checkCurrentURL" time="0.005" classname="com.PageDistribution.tests.DasboardPageTest"/>
  <testcase name="checkLabel" time="0.042" classname="com.PageDistribution.tests.DasboardPageTest"/>
  <testcase name="checkLabel1" time="0.022" classname="com.PageDistribution.tests.DasboardPageTest"/>
  <testcase name="checkLink" time="0.04" classname="com.PageDistribution.tests.DasboardPageTest"/>
  <testcase name="checkCourseList" time="0.159" classname="com.PageDistribution.tests.DasboardPageTest"/>
  <testcase name="checkCourseDetails" time="0.138" classname="com.PageDistribution.tests.DasboardPageTest"/>
  <testcase name="checkCourseLink" time="0.065" classname="com.PageDistribution.tests.DasboardPageTest"/>
  <testcase name="checkFooterLink" time="5.112" classname="com.PageDistribution.tests.DasboardPageTest"/>
  <testcase name="checkSideBarMenuLinks" time="0.133" classname="com.PageDistribution.tests.DasboardPageTest"/>
  <testcase name="checkUsersLinkMenu" time="0.162" classname="com.PageDistribution.tests.DasboardPageTest"/>
  <testcase name="checkOperatorsLinkMenu" time="0.196" classname="com.PageDistribution.tests.DasboardPageTest"/>
  <testcase name="checkUsefulLinksMenu" time="0.187" classname="com.PageDistribution.tests.DasboardPageTest"/>
  <testcase name="checkDownloadsLinkMenu" time="0.193" classname="com.PageDistribution.tests.DasboardPageTest"/>
  <testcase name="checkLogoutLink" time="0.168" classname="com.PageDistribution.tests.DasboardPageTest"/>
  <testcase name="verifyTitle" time="0.005" classname="com.PageDistribution.tests.DownloadsPageTest"/>
  <testcase name="checkCrediantialsPassword" time="0.281" classname="com.PageDistribution.tests.LoginPageTest"/>
  <testcase name="verifyTitle" time="0.008" classname="com.PageDistribution.tests.LoginPageTest"/>
  <testcase name="verifyImage" time="0.063" classname="com.PageDistribution.tests.LoginPageTest"/>
  <testcase name="checkValidCredentials" time="0.777" classname="com.PageDistribution.tests.LoginPageTest"/>
  <testcase name="checkTitle" time="0.006" classname="com.PageDistribution.tests.OperatorsPageTest"/>
  <testcase name="verifyTableHeaderCount" time="0.136" classname="com.PageDistribution.tests.OperatorsPageTest"/>
  <testcase name="verifyTechnicalJob" time="0.12" classname="com.PageDistribution.tests.OperatorsPageTest"/>
  <testcase name="verifyWhatsAppUser" time="0.189" classname="com.PageDistribution.tests.OperatorsPageTest"/>
  <testcase name="verifyTiming" time="0.123" classname="com.PageDistribution.tests.OperatorsPageTest"/>
  <testcase name="facultyNeelamTiming" time="0.094" classname="com.PageDistribution.tests.OperatorsPageTest"/>
  <testcase name="facultyAvailable" time="0.116" classname="com.PageDistribution.tests.OperatorsPageTest"/>
  <testcase name="facultyAvailableMon_Sat" time="0.1" classname="com.PageDistribution.tests.OperatorsPageTest"/>
  <testcase name="facultyNeelamFor" time="0.095" classname="com.PageDistribution.tests.OperatorsPageTest"/>
  <testcase name="goBtn1Click" time="0.052" classname="com.PageDistribution.tests.UsefulLinksPageTest"/>
  <testcase name="goBtn2Click" time="0.054" classname="com.PageDistribution.tests.UsefulLinksPageTest"/>
  <testcase name="goBtn3Click" time="0.053" classname="com.PageDistribution.tests.UsefulLinksPageTest"/>
  <testcase name="goBtn4Click" time="0.047" classname="com.PageDistribution.tests.UsefulLinksPageTest"/>
  <testcase name="goBtn5Click" time="0.064" classname="com.PageDistribution.tests.UsefulLinksPageTest"/>
  <testcase name="goBtn6Click" time="0.046" classname="com.PageDistribution.tests.UsefulLinksPageTest"/>
  <testcase name="emailEndsWith" time="0.112" classname="com.PageDistribution.tests.UsersPageTest"/>
  <testcase name="checkTitle" time="0.013" classname="com.PageDistribution.tests.UsersPageTest"/>
  <testcase name="checkCurrentURL" time="0.003" classname="com.PageDistribution.tests.UsersPageTest"/>
  <testcase name="checkLabel" time="0.021" classname="com.PageDistribution.tests.UsersPageTest"/>
  <testcase name="checkLabel1" time="0.03" classname="com.PageDistribution.tests.UsersPageTest"/>
  <testcase name="addUserButton" time="0.342" classname="com.PageDistribution.tests.UsersPageTest"/>
  <testcase name="checkHeading1" time="0.029" classname="com.PageDistribution.tests.UsersPageTest"/>
  <testcase name="checkColumnNames" time="0.11" classname="com.PageDistribution.tests.UsersPageTest"/>
  <testcase name="checkColumn" time="0.088" classname="com.PageDistribution.tests.UsersPageTest"/>
  <testcase name="checkFooterLink" time="0.086" classname="com.PageDistribution.tests.UsersPageTest"/>
  <testcase name="checkLogoutLink" time="0.15" classname="com.PageDistribution.tests.UsersPageTest"/>
</testsuite> <!-- Test -->
